#! /c/Source/iverilog-install/bin/vvp
:ivl_version "12.0 (devel)" "(s20150603-1539-g2693dd32b)";
:ivl_delay_selection "TYPICAL";
:vpi_time_precision + 0;
:vpi_module "C:\iverilog\lib\ivl\system.vpi";
:vpi_module "C:\iverilog\lib\ivl\vhdl_sys.vpi";
:vpi_module "C:\iverilog\lib\ivl\vhdl_textio.vpi";
:vpi_module "C:\iverilog\lib\ivl\v2005_math.vpi";
:vpi_module "C:\iverilog\lib\ivl\va_math.vpi";
S_00000237ebf28380 .scope module, "testbench" "testbench" 2 11;
 .timescale 0 0;
v00000237ebf28510_0 .var "A", 0 0;
v00000237ebf285b0_0 .var "B", 0 0;
v00000237ebf74fe0_0 .net "Y", 0 0, L_00000237ebf26a80;  1 drivers
S_00000237ebf74e50 .scope module, "uut" "and_gate" 2 18, 2 1 0, S_00000237ebf28380;
 .timescale 0 0;
    .port_info 0 /INPUT 1 "A";
    .port_info 1 /INPUT 1 "B";
    .port_info 2 /OUTPUT 1 "Y";
L_00000237ebf26a80 .functor AND 1, v00000237ebf28510_0, v00000237ebf285b0_0, C4<1>, C4<1>;
v00000237ebf26ca0_0 .net "A", 0 0, v00000237ebf28510_0;  1 drivers
v00000237ebf26800_0 .net "B", 0 0, v00000237ebf285b0_0;  1 drivers
v00000237ebf26ec0_0 .net "Y", 0 0, L_00000237ebf26a80;  alias, 1 drivers
    .scope S_00000237ebf28380;
T_0 ;
    %pushi/vec4 0, 0, 1;
    %store/vec4 v00000237ebf28510_0, 0, 1;
    %pushi/vec4 0, 0, 1;
    %store/vec4 v00000237ebf285b0_0, 0, 1;
    %delay 10, 0;
    %pushi/vec4 0, 0, 1;
    %store/vec4 v00000237ebf28510_0, 0, 1;
    %pushi/vec4 1, 0, 1;
    %store/vec4 v00000237ebf285b0_0, 0, 1;
    %delay 10, 0;
    %pushi/vec4 1, 0, 1;
    %store/vec4 v00000237ebf28510_0, 0, 1;
    %pushi/vec4 0, 0, 1;
    %store/vec4 v00000237ebf285b0_0, 0, 1;
    %delay 10, 0;
    %pushi/vec4 1, 0, 1;
    %store/vec4 v00000237ebf28510_0, 0, 1;
    %pushi/vec4 1, 0, 1;
    %store/vec4 v00000237ebf285b0_0, 0, 1;
    %delay 10, 0;
    %vpi_call 2 34 "$finish" {0 0 0};
    %end;
    .thread T_0;
    .scope S_00000237ebf28380;
T_1 ;
    %vpi_call 2 39 "$display", "A = %b, B = %b, Y = %b", v00000237ebf28510_0, v00000237ebf285b0_0, v00000237ebf74fe0_0 {0 0 0};
    %end;
    .thread T_1;
# The file index is used to find the file name in the following table.
:file_names 3;
    "N/A";
    "<interactive>";
    "main.v";
